2021-11-23 22:24:18 DEBUG This is DEBUG level: Hello world!
2021-11-23 22:24:18 INFO  This is INFO level: Hello world!
2021-11-23 22:24:18 WARN  This is WARN level: Hello world!
2021-11-23 22:24:18 ERROR This is ERROR level: Hello world!
2021-11-23 22:24:18 FATAL This is FATAL level: Hello world!
2021-11-23 22:24:25 DEBUG This is DEBUG level: Hello world!
2021-11-23 22:24:25 INFO  This is INFO level: Hello world!
2021-11-23 22:24:25 WARN  This is WARN level: Hello world!
2021-11-23 22:24:25 ERROR This is ERROR level: Hello world!
2021-11-23 22:24:25 FATAL This is FATAL level: Hello world!
2021-11-23 22:24:27 DEBUG This is DEBUG level: Hello world!
2021-11-23 22:24:27 INFO  This is INFO level: Hello world!
2021-11-23 22:24:27 WARN  This is WARN level: Hello world!
2021-11-23 22:24:27 ERROR This is ERROR level: Hello world!
2021-11-23 22:24:27 FATAL This is FATAL level: Hello world!
2021-11-23 22:24:28 DEBUG This is DEBUG level: Hello world!
2021-11-23 22:24:28 INFO  This is INFO level: Hello world!
2021-11-23 22:24:28 WARN  This is WARN level: Hello world!
2021-11-23 22:24:28 ERROR This is ERROR level: Hello world!
2021-11-23 22:24:28 FATAL This is FATAL level: Hello world!
2021-11-23 22:24:29 DEBUG This is DEBUG level: Hello world!
2021-11-23 22:24:29 INFO  This is INFO level: Hello world!
2021-11-23 22:24:29 WARN  This is WARN level: Hello world!
2021-11-23 22:24:29 ERROR This is ERROR level: Hello world!
2021-11-23 22:24:29 FATAL This is FATAL level: Hello world!
2021-11-23 22:24:30 DEBUG This is DEBUG level: Hello world!
2021-11-23 22:24:30 INFO  This is INFO level: Hello world!
2021-11-23 22:24:30 WARN  This is WARN level: Hello world!
2021-11-23 22:24:30 ERROR This is ERROR level: Hello world!
2021-11-23 22:24:30 FATAL This is FATAL level: Hello world!
2021-11-23 22:24:31 DEBUG This is DEBUG level: Hello world!
2021-11-23 22:24:31 INFO  This is INFO level: Hello world!
2021-11-23 22:24:31 WARN  This is WARN level: Hello world!
2021-11-23 22:24:31 ERROR This is ERROR level: Hello world!
2021-11-23 22:24:31 FATAL This is FATAL level: Hello world!
2021-11-23 22:24:32 DEBUG This is DEBUG level: Hello world!
2021-11-23 22:24:32 INFO  This is INFO level: Hello world!
2021-11-23 22:24:32 WARN  This is WARN level: Hello world!
2021-11-23 22:24:32 ERROR This is ERROR level: Hello world!
2021-11-23 22:24:32 FATAL This is FATAL level: Hello world!
2021-11-23 22:24:33 DEBUG This is DEBUG level: Hello world!
2021-11-23 22:24:33 INFO  This is INFO level: Hello world!
2021-11-23 22:24:33 WARN  This is WARN level: Hello world!
2021-11-23 22:24:33 ERROR This is ERROR level: Hello world!
2021-11-23 22:24:33 FATAL This is FATAL level: Hello world!
